Flutter crash report.
Please report a bug at https://github.com/flutter/flutter/issues.

## command

flutter --quiet assemble --no-version-check --depfile /Users/claujs/Documents/weather_project/weather_project/build/app/intermediates/flutter/debug/flutter_build.d --output /Users/claujs/Documents/weather_project/weather_project/build/app/intermediates/flutter/debug -dTargetFile=/Users/claujs/Documents/weather_project/weather_project/lib/main.dart -dTargetPlatform=android -dBuildMode=debug -dTrackWidgetCreation=true --DartDefines=RkxVVFRFUl9XRUJfQ0FOVkFTS0lUX1VSTD1odHRwczovL3d3dy5nc3RhdGljLmNvbS9mbHV0dGVyLWNhbnZhc2tpdC9mNjM0NGI3NWRjZjg2MWQ4YmYxZjEzMjI3ODBiODgxMWY5ODJlMzFhLw== -dFlavor= -dAndroidArchs=android-arm -dMinSdkVersion=21 debug_android_application

## exception

PathNotFoundException: PathNotFoundException: Cannot open file, path = '/Users/claujs/Documents/weather_project/weather_project/.dart_tool/flutter_build/dc7bb5240751a0aa4bbbf70635de37a3/outputs.json' (OS Error: No such file or directory, errno = 2)

```
#0      _File.throwIfError (dart:io/file_impl.dart:675:7)
#1      _File.openSync (dart:io/file_impl.dart:490:5)
#2      _File.writeAsBytesSync (dart:io/file_impl.dart:644:31)
#3      _File.writeAsStringSync (dart:io/file_impl.dart:668:5)
#4      ForwardingFile.writeAsStringSync (package:file/src/forwarding/forwarding_file.dart:150:16)
#5      ErrorHandlingFile.writeAsStringSync.<anonymous closure> (package:flutter_tools/src/base/error_handling_io.dart:266:22)
#6      _runSync (package:flutter_tools/src/base/error_handling_io.dart:587:14)
#7      ErrorHandlingFile.writeAsStringSync (package:flutter_tools/src/base/error_handling_io.dart:265:5)
#8      FlutterBuildSystem.build (package:flutter_tools/src/build_system/build_system.dart:670:8)
<asynchronous suspension>
#9      AssembleCommand.runCommand (package:flutter_tools/src/commands/assemble.dart:322:32)
<asynchronous suspension>
#10     FlutterCommand.run.<anonymous closure> (package:flutter_tools/src/runner/flutter_command.dart:1394:27)
<asynchronous suspension>
#11     AppContext.run.<anonymous closure> (package:flutter_tools/src/base/context.dart:153:19)
<asynchronous suspension>
#12     CommandRunner.runCommand (package:args/command_runner.dart:212:13)
<asynchronous suspension>
#13     FlutterCommandRunner.runCommand.<anonymous closure> (package:flutter_tools/src/runner/flutter_command_runner.dart:372:9)
<asynchronous suspension>
#14     AppContext.run.<anonymous closure> (package:flutter_tools/src/base/context.dart:153:19)
<asynchronous suspension>
#15     FlutterCommandRunner.runCommand (package:flutter_tools/src/runner/flutter_command_runner.dart:308:5)
<asynchronous suspension>
#16     run.<anonymous closure>.<anonymous closure> (package:flutter_tools/runner.dart:130:9)
<asynchronous suspension>
#17     AppContext.run.<anonymous closure> (package:flutter_tools/src/base/context.dart:153:19)
<asynchronous suspension>
#18     main (package:flutter_tools/executable.dart:93:3)
<asynchronous suspension>
```

## flutter doctor

```
[✓] Flutter (Channel stable, 3.22.0, on macOS 14.5 23F79 darwin-arm64, locale pt-BR)
    • Flutter version 3.22.0 on channel stable at /Users/claujs/development/flutter
    • Upstream repository https://github.com/flutter/flutter.git
    • Framework revision 5dcb86f68f (13 days ago), 2024-05-09 07:39:20 -0500
    • Engine revision f6344b75dc
    • Dart version 3.4.0
    • DevTools version 2.34.3

[✓] Android toolchain - develop for Android devices (Android SDK version 34.0.0)
    • Android SDK at /Users/claujs/Library/Android/sdk
    • Platform android-34-ext8, build-tools 34.0.0
    • Java binary at: /Applications/Android Studio.app/Contents/jbr/Contents/Home/bin/java
    • Java version OpenJDK Runtime Environment (build 17.0.10+0-17.0.10b1087.21-11572160)
    • All Android licenses accepted.

[✓] Xcode - develop for iOS and macOS (Xcode 15.4)
    • Xcode at /Applications/Xcode.app/Contents/Developer
    • Build 15F31d
    • CocoaPods version 1.15.2

[✓] Chrome - develop for the web
    • Chrome at /Applications/Google Chrome.app/Contents/MacOS/Google Chrome

[✓] Android Studio (version 2023.3)
    • Android Studio at /Applications/Android Studio.app/Contents
    • Flutter plugin can be installed from:
      🔨 https://plugins.jetbrains.com/plugin/9212-flutter
    • Dart plugin can be installed from:
      🔨 https://plugins.jetbrains.com/plugin/6351-dart
    • Java version OpenJDK Runtime Environment (build 17.0.10+0-17.0.10b1087.21-11572160)

[✓] VS Code (version 1.89.1)
    • VS Code at /Applications/Visual Studio Code.app/Contents
    • Flutter extension version 3.88.0

[✓] Connected device (5 available)
    • SM A105M (mobile)               • RQ8MA078JQZ               • android-arm    • Android 11 (API 30)
    • iPhone de Cláudio (mobile)      • 00008030-00064D820128C02E • ios            • iOS 17.4.1 21E236
    • macOS (desktop)                 • macos                     • darwin-arm64   • macOS 14.5 23F79 darwin-arm64
    • Mac Designed for iPad (desktop) • mac-designed-for-ipad     • darwin         • macOS 14.5 23F79 darwin-arm64
    • Chrome (web)                    • chrome                    • web-javascript • Google Chrome 124.0.6367.208

[✓] Network resources
    • All expected network resources are available.

• No issues found!
```
